{"/home/vanes/casati/api_basics/someModule.js": {"path":"/home/vanes/casati/api_basics/someModule.js","statementMap":{"0":{"start":{"line":3,"column":4},"end":{"line":3,"column":14}},"1":{"start":{"line":6,"column":0},"end":{"line":6,"column":44}}},"fnMap":{"0":{"name":"concatenateStrings","decl":{"start":{"line":2,"column":9},"end":{"line":2,"column":27}},"loc":{"start":{"line":2,"column":34},"end":{"line":4,"column":1}},"line":2}},"branchMap":{},"s":{"0":2,"1":1},"f":{"0":2},"b":{},"_coverageSchema":"332fd63041d2c1bcb487cc26dd0d5f7d97098a6c","hash":"25cc8ea4849856a1b9c050160eae57e3ed7b8b63"}
}
